2025-10-02 14:13:38.269 INFO  at.htlle.Main - Data directory: C:\Users\samue\Desktop\JAVA_PROJECTS\JAVA\Uebung1_Wernig_CSV\.\data
2025-10-02 14:13:38.271 INFO  at.htlle.Main - No data found  seeding demo data
2025-10-02 14:13:38.273 ERROR at.htlle.service.SchoolService - Saving CSV failed
java.nio.file.NoSuchFileException: .\data\Course.csv
	at java.base/sun.nio.fs.WindowsException.translateToIOException(WindowsException.java:85)
	at java.base/sun.nio.fs.WindowsException.rethrowAsIOException(WindowsException.java:103)
	at java.base/sun.nio.fs.WindowsException.rethrowAsIOException(WindowsException.java:108)
	at java.base/sun.nio.fs.WindowsFileSystemProvider.newByteChannel(WindowsFileSystemProvider.java:231)
	at java.base/java.nio.file.spi.FileSystemProvider.newOutputStream(FileSystemProvider.java:426)
	at java.base/java.nio.file.Files.newOutputStream(Files.java:215)
	at java.base/java.nio.file.Files.newBufferedWriter(Files.java:2722)
	at at.htlle.persistence.CourseCsvRepository.saveAll(CourseCsvRepository.java:24)
	at at.htlle.service.SchoolService.saveAll(SchoolService.java:38)
	at at.htlle.Main.main(Main.java:17)
2025-10-02 14:13:38.274 INFO  at.htlle.Main - Loaded: 0 students, 0 courses, 0 enrollments
2025-10-02 14:13:40.013 INFO  at.htlle.Main - Data directory: C:\Users\samue\Desktop\JAVA_PROJECTS\JAVA\Uebung1_Wernig_CSV\.\data
2025-10-02 14:13:40.014 INFO  at.htlle.Main - No data found  seeding demo data
2025-10-02 14:13:40.016 ERROR at.htlle.service.SchoolService - Saving CSV failed
java.nio.file.NoSuchFileException: .\data\Course.csv
	at java.base/sun.nio.fs.WindowsException.translateToIOException(WindowsException.java:85)
	at java.base/sun.nio.fs.WindowsException.rethrowAsIOException(WindowsException.java:103)
	at java.base/sun.nio.fs.WindowsException.rethrowAsIOException(WindowsException.java:108)
	at java.base/sun.nio.fs.WindowsFileSystemProvider.newByteChannel(WindowsFileSystemProvider.java:231)
	at java.base/java.nio.file.spi.FileSystemProvider.newOutputStream(FileSystemProvider.java:426)
	at java.base/java.nio.file.Files.newOutputStream(Files.java:215)
	at java.base/java.nio.file.Files.newBufferedWriter(Files.java:2722)
	at at.htlle.persistence.CourseCsvRepository.saveAll(CourseCsvRepository.java:24)
	at at.htlle.service.SchoolService.saveAll(SchoolService.java:38)
	at at.htlle.Main.main(Main.java:17)
2025-10-02 14:13:40.017 INFO  at.htlle.Main - Loaded: 0 students, 0 courses, 0 enrollments
2025-10-02 14:14:23.641 INFO  at.htlle.Main - Data directory: C:\Users\samue\Desktop\JAVA_PROJECTS\JAVA\Uebung1_Wernig_CSV\.\data
2025-10-02 14:14:23.643 INFO  at.htlle.Main - No data found  seeding demo data
2025-10-02 14:14:23.645 ERROR at.htlle.service.SchoolService - Saving CSV failed
java.nio.file.NoSuchFileException: .\data\Course.csv
	at java.base/sun.nio.fs.WindowsException.translateToIOException(WindowsException.java:85)
	at java.base/sun.nio.fs.WindowsException.rethrowAsIOException(WindowsException.java:103)
	at java.base/sun.nio.fs.WindowsException.rethrowAsIOException(WindowsException.java:108)
	at java.base/sun.nio.fs.WindowsFileSystemProvider.newByteChannel(WindowsFileSystemProvider.java:231)
	at java.base/java.nio.file.spi.FileSystemProvider.newOutputStream(FileSystemProvider.java:426)
	at java.base/java.nio.file.Files.newOutputStream(Files.java:215)
	at java.base/java.nio.file.Files.newBufferedWriter(Files.java:2722)
	at at.htlle.persistence.CourseCsvRepository.saveAll(CourseCsvRepository.java:24)
	at at.htlle.service.SchoolService.saveAll(SchoolService.java:38)
	at at.htlle.Main.main(Main.java:17)
2025-10-02 14:14:23.646 INFO  at.htlle.Main - Loaded: 0 students, 0 courses, 0 enrollments
2025-10-02 14:17:43.007 INFO  at.htlle.Main - Data directory: C:\Users\samue\Desktop\JAVA_PROJECTS\JAVA\Uebung1_Wernig_CSV\.\data
2025-10-02 14:17:43.008 INFO  at.htlle.Main - No data found  seeding demo data
2025-10-02 14:17:43.019 INFO  at.htlle.Main - Loaded: 2 students, 2 courses, 2 enrollments
2025-10-02 14:44:58.016 INFO  at.htlle.Main - Data directory: C:\Users\samue\Desktop\JAVA_PROJECTS\JAVA\Uebung1_Wernig_CSV\.\data
2025-10-02 14:44:58.027 INFO  at.htlle.Main - Loaded: 2 students, 2 courses, 2 enrollments
2025-10-02 14:47:52.030 INFO  at.htlle.Main - Data directory: C:\Users\samue\Desktop\JAVA_PROJECTS\JAVA\Uebung1_Wernig_CSV\.\data
2025-10-02 14:47:52.037 INFO  at.htlle.Main - Loaded: 2 students, 2 courses, 2 enrollments
2025-10-02 14:48:08.835 INFO  at.htlle.Main - Data directory: C:\Users\samue\Desktop\JAVA_PROJECTS\JAVA\Uebung1_Wernig_CSV\.\data
2025-10-02 14:48:08.843 INFO  at.htlle.Main - Loaded: 2 students, 2 courses, 2 enrollments
2025-10-02 14:50:59.112 INFO  at.htlle.Main - Data directory: C:\Users\samue\Desktop\JAVA_PROJECTS\JAVA\Uebung1_Wernig_CSV\.\data
2025-10-02 14:50:59.120 INFO  at.htlle.Main - Loaded: 2 students, 2 courses, 2 enrollments
2025-10-02 14:51:16.256 INFO  at.htlle.Main - Data directory: C:\Users\samue\Desktop\JAVA_PROJECTS\JAVA\Uebung1_Wernig_CSV\.\data
2025-10-02 14:51:16.263 INFO  at.htlle.Main - Loaded: 2 students, 2 courses, 2 enrollments
2025-10-02 14:53:15.804 INFO  at.htlle.Main - Data directory: C:\Users\samue\Desktop\JAVA_PROJECTS\JAVA\Uebung1_Wernig_CSV\.\data
2025-10-02 14:53:15.811 INFO  at.htlle.Main - Loaded: 2 students, 2 courses, 2 enrollments
2025-10-02 14:53:32.658 INFO  at.htlle.Main - Data directory: C:\Users\samue\Desktop\JAVA_PROJECTS\JAVA\Uebung1_Wernig_CSV\.\data
2025-10-02 14:53:32.665 INFO  at.htlle.Main - Loaded: 2 students, 2 courses, 2 enrollments
2025-10-02 15:01:47.493 INFO  at.htlle.Main - Data directory: C:\Users\samue\Desktop\JAVA_PROJECTS\JAVA\Uebung1_Wernig_CSV\.\data
2025-10-02 15:02:30.959 INFO  at.htlle.Main - Data directory: C:\Users\samue\Desktop\JAVA_PROJECTS\JAVA\Uebung1_Wernig_CSV\.\data
2025-10-02 15:07:20.116 INFO  at.htlle.Main - Data directory: C:\Users\samue\Desktop\JAVA_PROJECTS\JAVA\Uebung1_Wernig_CSV\.\data
2025-10-02 15:52:55.112 INFO  at.htlle.Main - Data directory: C:\Users\samue\Desktop\JAVA_PROJECTS\JAVA\Uebung1_Wernig_CSV\.\data
2025-10-02 16:01:30.567 INFO  at.htlle.Main - Data directory: C:\Users\samue\Desktop\JAVA_PROJECTS\JAVA\Uebung1_Wernig_CSV\.\data
2025-10-02 16:01:30.574 INFO  at.htlle.Main - Loaded: 2 students, 2 courses, 2 enrollments
