#
# A fatal error has been detected by the Java Runtime Environment:
#
#  EXCEPTION_ACCESS_VIOLATION (0xc0000005) at pc=0x00007ffa395c3004, pid=39216, tid=33108
#
# JRE version: Java(TM) SE Runtime Environment (24.0+36) (build 24+36-3646)
# Java VM: Java HotSpot(TM) 64-Bit Server VM (24+36-3646, mixed mode, sharing, tiered, compressed oops, compressed class ptrs, g1 gc, windows-amd64)
# Problematic frame:
# C  [libasyncProfiler.dll+0x93004]
#
# No core dump will be written. Minidumps are not enabled by default on client versions of Windows
#
# JFR recording file will be written. Location: C:\Users\samue\Desktop\JAVA_PROJECTS\JAVA\wintersemster\Designpatterns\behavioralPattern\observer-pattern-tank-aufgabe\hs_err_pid39216.jfr
#
# If you would like to submit a bug report, please visit:
#   https://bugreport.java.com/bugreport/crash.jsp
# The crash happened outside the Java Virtual Machine in native code.
# See problematic frame for where to report the bug.
#

---------------  S U M M A R Y ------------

Command Line: -ea -Didea.test.cyclic.buffer.size=1048576 -javaagent:C:\Program Files\JetBrains\IntelliJ IDEA 2024.3\lib\idea_rt.jar=62116 -javaagent:C:\Users\samue\AppData\Local\JetBrains\IntelliJIdea2024.3\captureAgent\debugger-agent.jar -Dkotlinx.coroutines.debug.enable.creation.stack.trace=false -Ddebugger.agent.enable.coroutines=true -Dkotlinx.coroutines.debug.enable.flows.stack.trace=true -Dkotlinx.coroutines.debug.enable.mutable.state.flows.stack.trace=true -agentpath:C:\Users\samue\AppData\Local\Temp\idea_libasyncProfiler_dll_temp_folder\libasyncProfiler.dll=start,jfr,event=wall,interval=10ms,jfrsync=profile,cstack=no,file=C:\Users\samue\IdeaSnapshots\All_in_observer_pattern_tank_2026_01_08_134600.jfr,dbghelppath=C:\Users\samue\AppData\Local\Temp\idea_dbghelp_dll_temp_folder\dbghelp.dll,log=C:\Users\samue\AppData\Local\Temp\All_in_observer_pattern_tank_2026_01_08_134600.jfr.log.txt,logLevel=DEBUG -Dfile.encoding=UTF-8 -Dsun.stdout.encoding=UTF-8 -Dsun.stderr.encoding=UTF-8 com.intellij.rt.junit.JUnitStarter -ideVersion5 -junit5 @w@C:\Users\samue\AppData\Local\Temp\idea_working_dirs_junit.tmp @C:\Users\samue\AppData\Local\Temp\idea_junit.tmp -socket62115

Host: 13th Gen Intel(R) Core(TM) i7-13700H, 20 cores, 31G,  Windows 11 , 64 bit Build 26100 (10.0.26100.7309)
Time: Thu Jan  8 13:46:00 2026 Mitteleuropäische Zeit elapsed time: 0.379640 seconds (0d 0h 0m 0s)

---------------  T H R E A D  ---------------

Current thread (0x000001676e694180):  JavaThread "main"             [_thread_in_native, id=33108, stack(0x0000006701400000,0x0000006701500000) (1024K)]

Stack: [0x0000006701400000,0x0000006701500000],  sp=0x00000067014fe7b0,  free space=1017k
Native frames: (J=compiled Java code, j=interpreted, Vv=VM code, C=native code)
C  [libasyncProfiler.dll+0x93004]  (no source info available)
C  [libasyncProfiler.dll+0x934db]  (no source info available)
C  [libasyncProfiler.dll+0x92134]  (no source info available)
C  [libasyncProfiler.dll+0x929aa]  (no source info available)
C  [libasyncProfiler.dll+0x8d561]  (no source info available)
C  [libasyncProfiler.dll+0x7ef21]  (no source info available)
C  [libasyncProfiler.dll+0x7dc38]  (no source info available)
C  [libasyncProfiler.dll+0x7db20]  (no source info available)
C  [libasyncProfiler.dll+0x83c3c]  (no source info available)
V  [jvm.dll+0x5e3a5e]  (no source info available)
V  [jvm.dll+0x8861e6]  (no source info available)
V  [jvm.dll+0x49604e]  (no source info available)
V  [jvm.dll+0x497e21]  (no source info available)
C  [jli.dll+0x52a1]  (no source info available)
C  [ucrtbase.dll+0x37b0]  (no source info available)
C  [KERNEL32.DLL+0x2e8d7]  (no source info available)
C  [ntdll.dll+0x8c53c]  (no source info available)


siginfo: EXCEPTION_ACCESS_VIOLATION (0xc0000005), reading address 0xffffffffffffffff


Registers:
RAX=0x0000000000000010, RBX=0x0000000000000000, RCX=0xffffffffffffffff, RDX=0x007ffa1d9a2ff010
RSP=0x00000067014fe7b0, RBP=0x00000167510e20a8, RSI=0x00000067014fe920, RDI=0x00000167510e20a8
R8 =0x0000000000000042, R9 =0x0000000624401ee8, R10=0x00007ffa1dc19fc0, R11=0x0000000000000004
R12=0x00000067014fe920, R13=0x0000016763ae86b0, R14=0x000001676e694548, R15=0x000001676e694548
RIP=0x00007ffa395c3004, EFLAGS=0x0000000000010202

XMM[0]=0x0000000000000000 0x0000000000000000
XMM[1]=0x0000000000000000 0x0000000000000000
XMM[2]=0x0000000000000000 0x0000000000000000
XMM[3]=0x0000000000000000 0x0000000000000000
XMM[4]=0x0000000000000000 0x0000000000000000
XMM[5]=0x0000000000000000 0x0000000000000000
XMM[6]=0x0000000000000000 0x0000000000000000
XMM[7]=0x0000000000000000 0x0000000000000000
XMM[8]=0x0000000000000000 0x0000000000000000
XMM[9]=0x0000000000000000 0x0000000000000000
XMM[10]=0x0000000000000000 0x0000000000000000
XMM[11]=0x0000000000000000 0x0000000000000000
XMM[12]=0x0000000000000000 0x0000000000000000
XMM[13]=0x0000000000000000 0x0000000000000000
XMM[14]=0x0000000000000000 0x0000000000000000
XMM[15]=0x0000000000000000 0x0000000000000000
  MXCSR=0x00001fa0


Register to memory mapping:

RAX=0x0000000000000010 is an unknown value
RBX=0x0 is null
RCX=0xffffffffffffffff is an unknown value
RDX=0x007ffa1d9a2ff010 is an unknown value
RSP=0x00000067014fe7b0 is pointing into the stack for thread: 0x000001676e694180
RBP=0x00000167510e20a8 points into unknown readable memory: 0x0000000624401ee8 | e8 1e 40 24 06 00 00 00
RSI=0x00000067014fe920 is pointing into the stack for thread: 0x000001676e694180
RDI=0x00000167510e20a8 points into unknown readable memory: 0x0000000624401ee8 | e8 1e 40 24 06 00 00 00
R8 =0x0000000000000042 is an unknown value
R9 =0x0000000624401ee8 is an oop: java.lang.Thread 
{0x0000000624401ee8} - klass: 'java/lang/Thread' - flags: 

 - ---- fields (total size 14 words):
 - 'threadLocalRandomProbe' 'I' @12  0 (0x00000000)
 - private volatile 'eetop' 'J' @16  1543745651072 (0x000001676e694180)
 - private final 'tid' 'J' @24  3 (0x0000000000000003)
 - 'threadLocalRandomSeed' 'J' @32  0 (0x0000000000000000)
 - injected 'jvmti_thread_state' 'J' @40  1542090691136 (0x000001670bc49240)
 - 'threadLocalRandomSecondarySeed' 'I' @48  0 (0x00000000)
 - injected 'jvmti_VTMS_transition_disable_count' 'I' @52  0 (0x00000000)
 - injected 'jfr_epoch' 'S' @56  0 (0x0000)
 - volatile 'interrupted' 'Z' @58  false (0x00)
 - injected 'jvmti_is_in_VTMS_transition' 'Z' @59  false (0x00)
 - private volatile 'name' 'Ljava/lang/String;' @60  "main"{0x0000000624401f58} (0xc48803eb)
 - private volatile 'contextClassLoader' 'Ljava/lang/ClassLoader;' @64  a 'jdk/internal/loader/ClassLoaders$AppClassLoader'{0x000000062441ef40} (0xc4883de8)
 - private final 'holder' 'Ljava/lang/Thread$FieldHolder;' @68  a 'java/lang/Thread$FieldHolder'{0x0000000624401f98} (0xc48803f3)
 - 'threadLocals' 'Ljava/lang/ThreadLocal$ThreadLocalMap;' @72  a 'java/lang/ThreadLocal$ThreadLocalMap'{0x000000062401d6d8} (0xc4803adb)
 - 'inheritableThreadLocals' 'Ljava/lang/ThreadLocal$ThreadLocalMap;' @76  null (0x00000000)
 - private 'scopedValueBindings' 'Ljava/lang/Object;' @80  a 'java/lang/Class'{0x00000007ffc7c880} = 'java/lang/Thread' (0xfff8f910)
 - final 'interruptLock' 'Ljava/lang/Object;' @84  a 'java/lang/Object'{0x0000000624401f88} (0xc48803f1)
 - private volatile 'parkBlocker' 'Ljava/lang/Object;' @88  null (0x00000000)
 - private 'nioBlocker' 'Lsun/nio/ch/Interruptible;' @92  null (0x00000000)
 - private 'cont' 'Ljdk/internal/vm/Continuation;' @96  null (0x00000000)
 - private volatile 'uncaughtExceptionHandler' 'Ljava/lang/Thread$UncaughtExceptionHandler;' @100  null (0x00000000)
 - private 'container' 'Ljdk/internal/vm/ThreadContainer;' @104  null (0x00000000)
 - private volatile 'headStackableScopes' 'Ljdk/internal/vm/StackableScope;' @108  null (0x00000000)
R10=0x00007ffa1dc19fc0 jvm.dll
R11=0x0000000000000004 is an unknown value
R12=0x00000067014fe920 is pointing into the stack for thread: 0x000001676e694180
R13=0x0000016763ae86b0 points into unknown readable memory: 0x00007ffa1db8a510 | 10 a5 b8 1d fa 7f 00 00
R14=0x000001676e694548 points into unknown readable memory: 0x00007ffa1db817b0 | b0 17 b8 1d fa 7f 00 00
R15=0x000001676e694548 points into unknown readable memory: 0x00007ffa1db817b0 | b0 17 b8 1d fa 7f 00 00

Top of Stack: (sp=0x00000067014fe7b0)
0x00000067014fe7b0:   00000067014fe920 00000167510e20a8    .O.g.... .Qg...
0x00000067014fe7c0:   0000000000000000 000001676e6948d0   .........Hing...
0x00000067014fe7d0:   000000000000001f 00007ffa395c34db   .........4\9....
0x00000067014fe7e0:   0000000000000000 000001676e694548   ........HEing...
0x00000067014fe7f0:   00000067014fe901 0000000000000000   ..O.g...........
0x00000067014fe800:   0000016752af2910 00007ffa395c2134   .).Rg...4!\9....
0x00000067014fe810:   0000000000000000 000000000000001f   ................
0x00000067014fe820:   0000000000000000 000000000000001f   ................
0x00000067014fe830:   0000000900000002 0000016752abe190   ...........Rg...
0x00000067014fe840:   0000016752af2910 0000016752af298c   .).Rg....).Rg...
0x00000067014fe850:   0000016752af29b8 0000000000003350   .).Rg...P3......
0x00000067014fe860:   0000000000000000 0000000000000000   ................
0x00000067014fe870:   0000000000000000 00007ffa1d3e58e4   .........X>.....
0x00000067014fe880:   00007ffa3971ae00 0000000000009930   ..q9....0.......
0x00000067014fe890:   00007ffa3971ae00 00000000ffffffff   ..q9............
0x00000067014fe8a0:   0000000000000000 00007ffa395c29aa   .........)\9....
0x00000067014fe8b0:   000001676e694548 0000000000000000   HEing...........
0x00000067014fe8c0:   00000067014fe929 0000016763ae86b0   ).O.g......cg...
0x00000067014fe8d0:   00000167000021b4 0000000000000000   .!..g...........
0x00000067014fe8e0:   0000000000000000 00007ffad0bd7989   .........y......
0x00000067014fe8f0:   000001676e694548 00007ffa3971ae00   HEing.....q9....
0x00000067014fe900:   0000000000000000 00007ffa3965bc53   ........S.e9....
0x00000067014fe910:   0000000000000000 000001676e694548   ........HEing...
0x00000067014fe920:   0000016752a44f90 0000016752a45370   .O.Rg...pS.Rg...
0x00000067014fe930:   0000016752a45370 00007ffa3971ae00   pS.Rg.....q9....
0x00000067014fe940:   0000016763afe158 00000067014feab8   X..cg.....O.g...
0x00000067014fe950:   00000067014febf0 0000000000008840   ..O.g...@.......
0x00000067014fe960:   00007ffa3970d080 00007ffa3971ae50   ..p9....P.q9....
0x00000067014fe970:   0000000000989680 0000000000989680   ................
0x00000067014fe980:   00000067014fea90 00007ffa395bd561   ..O.g...a.[9....
0x00000067014fe990:   00007ffa3971ae00 00007ffa3971ae58   ..q9....X.q9....
0x00000067014fe9a0:   00007ffa00000000 007ecd7e00000001   ............~.~.

Instructions: (pc=0x00007ffa395c3004)
  0x00007ffa395c2f04:   cc cc cc cc cc cc cc cc cc cc cc cc cc cc cc cc
  0x00007ffa395c2f14:   cc cc cc cc cc cc cc cc cc cc cc cc cc cc cc cc
  0x00007ffa395c2f24:   cc cc cc cc cc cc cc cc cc cc cc cc cc cc cc cc
  0x00007ffa395c2f34:   cc cc cc cc cc cc cc cc cc cc cc cc cc cc cc cc
  0x00007ffa395c2f44:   cc cc cc cc cc cc cc cc cc cc cc cc cc cc cc cc
  0x00007ffa395c2f54:   cc cc cc cc cc cc cc cc cc cc cc cc cc cc cc cc
  0x00007ffa395c2f64:   cc cc cc cc cc cc cc cc cc cc cc cc cc cc cc cc
  0x00007ffa395c2f74:   cc cc cc cc cc cc cc cc cc cc cc cc cc cc cc cc
  0x00007ffa395c2f84:   cc cc cc cc cc cc cc cc cc cc cc cc 40 57 48 83
  0x00007ffa395c2f94:   ec 20 48 8b f9 48 8b 0d 30 80 15 00 48 85 c9 74
  0x00007ffa395c2fa4:   20 48 8b 01 48 8d 54 24 38 41 b8 06 00 01 00 4c
  0x00007ffa395c2fb4:   8b 48 30 41 ff d1 85 c0 75 07 48 8b 4c 24 38 eb
  0x00007ffa395c2fc4:   02 33 c9 4c 8b 05 0a 81 15 00 48 89 5c 24 30 4d
  0x00007ffa395c2fd4:   85 c0 74 4a 48 8b 01 48 8b d7 4c 8b 88 28 03 00
  0x00007ffa395c2fe4:   00 41 ff d1 48 85 c0 74 35 48 63 0d b8 3d 15 00
  0x00007ffa395c2ff4:   48 8b 14 01 48 85 d2 74 15 48 63 05 bc 3d 15 00
=>0x00007ffa395c3004:   8b 04 10 48 8b 5c 24 30 48 83 c4 20 5f c3 b8 ff
  0x00007ffa395c3014:   ff ff ff 48 8b 5c 24 30 48 83 c4 20 5f c3 80 3d
  0x00007ffa395c3024:   bb 7f 15 00 00 bb ff ff ff ff 74 20 4c 8b 0d 51
  0x00007ffa395c3034:   7c 15 00 4c 8d 44 24 38 48 8b 0d 35 7c 15 00 48
  0x00007ffa395c3044:   8b d7 41 ff d1 85 c0 0f 44 5c 24 38 8b c3 48 8b
  0x00007ffa395c3054:   5c 24 30 48 83 c4 20 5f c3 cc cc cc cc cc cc cc
  0x00007ffa395c3064:   cc cc cc cc cc cc cc cc cc cc cc cc cc cc cc cc
  0x00007ffa395c3074:   cc cc cc cc cc cc cc cc cc cc cc cc cc cc cc cc
  0x00007ffa395c3084:   cc cc cc cc cc cc cc cc cc cc cc cc 48 89 54 24
  0x00007ffa395c3094:   10 53 55 56 57 41 56 41 57 48 83 ec 28 48 8b f2
  0x00007ffa395c30a4:   4c 8b f1 48 89 4c 24 78 45 33 ff 44 89 7c 24 68
  0x00007ffa395c30b4:   c7 44 24 60 01 00 00 00 48 8d 4c 24 68 e8 69 3c
  0x00007ffa395c30c4:   f7 ff 8b d8 48 8d 4c 24 60 e8 5d 3c f7 ff 8b e8
  0x00007ffa395c30d4:   49 8b ce e8 33 f3 f6 ff 48 8b f8 90 8b c3 f0 0f
  0x00007ffa395c30e4:   b1 2f 74 04 f3 90 eb f4 4c 89 3e 4c 89 7e 08 4c
  0x00007ffa395c30f4:   89 7e 10 49 8b 6e 08 4d 8b 76 10 49 3b ee 0f 84


Stack slot to memory mapping:

stack at sp + 0 slots: 0x00000067014fe920 is pointing into the stack for thread: 0x000001676e694180
stack at sp + 1 slots: 0x00000167510e20a8 points into unknown readable memory: 0x0000000624401ee8 | e8 1e 40 24 06 00 00 00
stack at sp + 2 slots: 0x0 is null
stack at sp + 3 slots: 0x000001676e6948d0 points into unknown readable memory: 0x6e616c2e6176616a | 6a 61 76 61 2e 6c 61 6e
stack at sp + 4 slots: 0x000000000000001f is an unknown value
stack at sp + 5 slots: 0x00007ffa395c34db libasyncProfiler.dll
stack at sp + 6 slots: 0x0 is null
stack at sp + 7 slots: 0x000001676e694548 points into unknown readable memory: 0x00007ffa1db817b0 | b0 17 b8 1d fa 7f 00 00

Lock stack of current Java thread (top to bottom):


---------------  P R O C E S S  ---------------

Threads class SMR info:
_java_thread_list=0x0000016752a854a0, length=20, elements={
0x000001676e694180, 0x000001670bbeea00, 0x000001670bbef140, 0x000001670bbf3f80,
0x000001670bc14800, 0x000001670bc22b00, 0x000001670bc283c0, 0x000001670bc2d150,
0x000001670bc30ed0, 0x000001670bc29260, 0x000001670bd04d10, 0x000001670bd058a0,
0x000001670bd625b0, 0x000001670bd84ae0, 0x000001670bc27c70, 0x000001675195cd70,
0x000001670bc299b0, 0x00000167529f37e0, 0x00000167529f4780, 0x000001670bc27520
}

Java Threads: ( => current thread )
=>0x000001676e694180 JavaThread "main"                              [_thread_in_native, id=33108, stack(0x0000006701400000,0x0000006701500000) (1024K)]
  0x000001670bbeea00 JavaThread "Reference Handler"          daemon [_thread_blocked, id=7872, stack(0x0000006701c00000,0x0000006701d00000) (1024K)]
  0x000001670bbef140 JavaThread "Finalizer"                  daemon [_thread_blocked, id=46228, stack(0x0000006701d00000,0x0000006701e00000) (1024K)]
  0x000001670bbf3f80 JavaThread "Signal Dispatcher"          daemon [_thread_blocked, id=1704, stack(0x0000006701e00000,0x0000006701f00000) (1024K)]
  0x000001670bc14800 JavaThread "Attach Listener"            daemon [_thread_blocked, id=21624, stack(0x0000006701f00000,0x0000006702000000) (1024K)]
  0x000001670bc22b00 JavaThread "Service Thread"             daemon [_thread_blocked, id=39824, stack(0x0000006702000000,0x0000006702100000) (1024K)]
  0x000001670bc283c0 JavaThread "Monitor Deflation Thread"   daemon [_thread_blocked, id=44812, stack(0x0000006702100000,0x0000006702200000) (1024K)]
  0x000001670bc2d150 JavaThread "C2 CompilerThread0"         daemon [_thread_blocked, id=48112, stack(0x0000006702200000,0x0000006702300000) (1024K)]
  0x000001670bc30ed0 JavaThread "C1 CompilerThread0"         daemon [_thread_blocked, id=37304, stack(0x0000006702300000,0x0000006702400000) (1024K)]
  0x000001670bc29260 JavaThread "Common-Cleaner"             daemon [_thread_blocked, id=38216, stack(0x0000006702400000,0x0000006702500000) (1024K)]
  0x000001670bd04d10 JavaThread "C1 CompilerThread1"         daemon [_thread_blocked, id=43532, stack(0x0000006702500000,0x0000006702600000) (1024K)]
  0x000001670bd058a0 JavaThread "C1 CompilerThread2"         daemon [_thread_blocked, id=36340, stack(0x0000006702600000,0x0000006702700000) (1024K)]
  0x000001670bd625b0 JavaThread "C1 CompilerThread3"         daemon [_thread_blocked, id=6692, stack(0x0000006702700000,0x0000006702800000) (1024K)]
  0x000001670bd84ae0 JavaThread "C2 CompilerThread1"         daemon [_thread_in_native, id=28344, stack(0x0000006702800000,0x0000006702900000) (1024K)]
  0x000001670bc27c70 JavaThread "Monitor Ctrl-Break"         daemon [_thread_in_native, id=41560, stack(0x0000006702900000,0x0000006702a00000) (1024K)]
  0x000001675195cd70 JavaThread "C2 CompilerThread2"         daemon [_thread_blocked, id=18400, stack(0x0000006702a00000,0x0000006702b00000) (1024K)]
  0x000001670bc299b0 JavaThread "JFR Recorder Thread"        daemon [_thread_in_native, id=5192, stack(0x0000006702b00000,0x0000006702c00000) (1024K)]
  0x00000167529f37e0 JavaThread "C2 CompilerThread3"         daemon [_thread_blocked, id=7712, stack(0x0000006702c00000,0x0000006702d00000) (1024K)]
  0x00000167529f4780 JavaThread "C2 CompilerThread4"         daemon [_thread_blocked, id=43136, stack(0x0000006702d00000,0x0000006702e00000) (1024K)]
  0x000001670bc27520 JavaThread "JFR Periodic Tasks"         daemon [_thread_blocked, id=13136, stack(0x0000006702e00000,0x0000006702f00000) (1024K)]
Total: 20

Other Threads:
  0x000001670bbd9790 VMThread "VM Thread"                           [id=37372, stack(0x0000006701b00000,0x0000006701c00000) (1024K)]
  0x000001670bbc7020 WatcherThread "VM Periodic Task Thread"        [id=35444, stack(0x0000006701a00000,0x0000006701b00000) (1024K)]
  0x000001676e745270 WorkerThread "GC Thread#0"                     [id=37224, stack(0x0000006701500000,0x0000006701600000) (1024K)]
  0x000001676e75aed0 ConcurrentGCThread "G1 Main Marker"            [id=48268, stack(0x0000006701600000,0x0000006701700000) (1024K)]
  0x000001676e75ca00 WorkerThread "G1 Conc#0"                       [id=40588, stack(0x0000006701700000,0x0000006701800000) (1024K)]
  0x000001676e82dc20 ConcurrentGCThread "G1 Refine#0"               [id=33104, stack(0x0000006701800000,0x0000006701900000) (1024K)]
  0x000001676e82e2c0 ConcurrentGCThread "G1 Service"                [id=34744, stack(0x0000006701900000,0x0000006701a00000) (1024K)]
Total: 7

Threads with active compile tasks:
C2 CompilerThread1  444 1387       4       jdk.jfr.internal.MetadataWriter::write (168 bytes)
Total: 1

VM state: not at safepoint (normal execution)

VM Mutex/Monitor currently owned by a thread: None

Heap address: 0x0000000604c00000, size: 8116 MB, Compressed Oops mode: Zero based, Oop shift amount: 3

CDS archive(s) mapped at: [0x000001670c000000-0x000001670cd40000-0x000001670cd40000), size 13893632, SharedBaseAddress: 0x000001670c000000, ArchiveRelocationMode: 1.
Compressed class space mapped at: 0x000001670d000000-0x000001674d000000, reserved size: 1073741824
UseCompressedClassPointers 1, UseCompactObjectHeaders 0
Narrow klass pointer bits 32, Max shift 3
Narrow klass base: 0x000001670c000000, Narrow klass shift: 0
Encoding Range: [0x000001670c000000 - 0x000001680c000000), (4294967296 bytes)
Klass Range:    [0x000001670c000000 - 0x000001674d000000), (1090519040 bytes)
Klass ID Range:  [8 - 1090519033) (1090519025)

GC Precious Log:
 CardTable entry size: 512
 Card Set container configuration: InlinePtr #cards 4 size 8 Array Of Cards #cards 32 size 80 Howl #buckets 8 coarsen threshold 7372 Howl Bitmap #cards 1024 size 144 coarsen threshold 921 Card regions per heap region 1 cards per card region 8192
 CPUs: 20 total, 20 available
 Memory: 32461M
 Large Page Support: Disabled
 NUMA Support: Disabled
 Compressed Oops: Enabled (Zero based)
 Heap Region Size: 4M
 Heap Min Capacity: 8M
 Heap Initial Capacity: 508M
 Heap Max Capacity: 8116M
 Pre-touch: Disabled
 Parallel Workers: 15
 Concurrent Workers: 4
 Concurrent Refinement Workers: 15
 Periodic GC: Disabled

Heap:
 garbage-first heap   total reserved 8310784K, committed 524288K, used 25716K [0x0000000604c00000, 0x0000000800000000)
  region size 4096K, 7 young (28672K), 0 survivors (0K)
 Metaspace       used 5614K, committed 5760K, reserved 1114112K
  class space    used 457K, committed 512K, reserved 1048576K

Heap Regions: E=young(eden), S=young(survivor), O=old, HS=humongous(starts), HC=humongous(continues), CS=collection set, F=free, TAMS=top-at-mark-start, PB=parsable bottom
|   0|0x0000000604c00000, 0x0000000604c00000, 0x0000000605000000|  0%| F|  |TAMS 0x0000000604c00000| PB 0x0000000604c00000| Untracked |  0
|   1|0x0000000605000000, 0x0000000605000000, 0x0000000605400000|  0%| F|  |TAMS 0x0000000605000000| PB 0x0000000605000000| Untracked |  0
|   2|0x0000000605400000, 0x0000000605400000, 0x0000000605800000|  0%| F|  |TAMS 0x0000000605400000| PB 0x0000000605400000| Untracked |  0
|   3|0x0000000605800000, 0x0000000605800000, 0x0000000605c00000|  0%| F|  |TAMS 0x0000000605800000| PB 0x0000000605800000| Untracked |  0
|   4|0x0000000605c00000, 0x0000000605c00000, 0x0000000606000000|  0%| F|  |TAMS 0x0000000605c00000| PB 0x0000000605c00000| Untracked |  0
|   5|0x0000000606000000, 0x0000000606000000, 0x0000000606400000|  0%| F|  |TAMS 0x0000000606000000| PB 0x0000000606000000| Untracked |  0
|   6|0x0000000606400000, 0x0000000606400000, 0x0000000606800000|  0%| F|  |TAMS 0x0000000606400000| PB 0x0000000606400000| Untracked |  0
|   7|0x0000000606800000, 0x0000000606800000, 0x0000000606c00000|  0%| F|  |TAMS 0x0000000606800000| PB 0x0000000606800000| Untracked |  0
|   8|0x0000000606c00000, 0x0000000606c00000, 0x0000000607000000|  0%| F|  |TAMS 0x0000000606c00000| PB 0x0000000606c00000| Untracked |  0
|   9|0x0000000607000000, 0x0000000607000000, 0x0000000607400000|  0%| F|  |TAMS 0x0000000607000000| PB 0x0000000607000000| Untracked |  0
|  10|0x0000000607400000, 0x0000000607400000, 0x0000000607800000|  0%| F|  |TAMS 0x0000000607400000| PB 0x0000000607400000| Untracked |  0
|  11|0x0000000607800000, 0x0000000607800000, 0x0000000607c00000|  0%| F|  |TAMS 0x0000000607800000| PB 0x0000000607800000| Untracked |  0
|  12|0x0000000607c00000, 0x0000000607c00000, 0x0000000608000000|  0%| F|  |TAMS 0x0000000607c00000| PB 0x0000000607c00000| Untracked |  0
|  13|0x0000000608000000, 0x0000000608000000, 0x0000000608400000|  0%| F|  |TAMS 0x0000000608000000| PB 0x0000000608000000| Untracked |  0
|  14|0x0000000608400000, 0x0000000608400000, 0x0000000608800000|  0%| F|  |TAMS 0x0000000608400000| PB 0x0000000608400000| Untracked |  0
|  15|0x0000000608800000, 0x0000000608800000, 0x0000000608c00000|  0%| F|  |TAMS 0x0000000608800000| PB 0x0000000608800000| Untracked |  0
|  16|0x0000000608c00000, 0x0000000608c00000, 0x0000000609000000|  0%| F|  |TAMS 0x0000000608c00000| PB 0x0000000608c00000| Untracked |  0
|  17|0x0000000609000000, 0x0000000609000000, 0x0000000609400000|  0%| F|  |TAMS 0x0000000609000000| PB 0x0000000609000000| Untracked |  0
|  18|0x0000000609400000, 0x0000000609400000, 0x0000000609800000|  0%| F|  |TAMS 0x0000000609400000| PB 0x0000000609400000| Untracked |  0
|  19|0x0000000609800000, 0x0000000609800000, 0x0000000609c00000|  0%| F|  |TAMS 0x0000000609800000| PB 0x0000000609800000| Untracked |  0
|  20|0x0000000609c00000, 0x0000000609c00000, 0x000000060a000000|  0%| F|  |TAMS 0x0000000609c00000| PB 0x0000000609c00000| Untracked |  0
|  21|0x000000060a000000, 0x000000060a000000, 0x000000060a400000|  0%| F|  |TAMS 0x000000060a000000| PB 0x000000060a000000| Untracked |  0
|  22|0x000000060a400000, 0x000000060a400000, 0x000000060a800000|  0%| F|  |TAMS 0x000000060a400000| PB 0x000000060a400000| Untracked |  0
|  23|0x000000060a800000, 0x000000060a800000, 0x000000060ac00000|  0%| F|  |TAMS 0x000000060a800000| PB 0x000000060a800000| Untracked |  0
|  24|0x000000060ac00000, 0x000000060ac00000, 0x000000060b000000|  0%| F|  |TAMS 0x000000060ac00000| PB 0x000000060ac00000| Untracked |  0
|  25|0x000000060b000000, 0x000000060b000000, 0x000000060b400000|  0%| F|  |TAMS 0x000000060b000000| PB 0x000000060b000000| Untracked |  0
|  26|0x000000060b400000, 0x000000060b400000, 0x000000060b800000|  0%| F|  |TAMS 0x000000060b400000| PB 0x000000060b400000| Untracked |  0
|  27|0x000000060b800000, 0x000000060b800000, 0x000000060bc00000|  0%| F|  |TAMS 0x000000060b800000| PB 0x000000060b800000| Untracked |  0
|  28|0x000000060bc00000, 0x000000060bc00000, 0x000000060c000000|  0%| F|  |TAMS 0x000000060bc00000| PB 0x000000060bc00000| Untracked |  0
|  29|0x000000060c000000, 0x000000060c000000, 0x000000060c400000|  0%| F|  |TAMS 0x000000060c000000| PB 0x000000060c000000| Untracked |  0
|  30|0x000000060c400000, 0x000000060c400000, 0x000000060c800000|  0%| F|  |TAMS 0x000000060c400000| PB 0x000000060c400000| Untracked |  0
|  31|0x000000060c800000, 0x000000060c800000, 0x000000060cc00000|  0%| F|  |TAMS 0x000000060c800000| PB 0x000000060c800000| Untracked |  0
|  32|0x000000060cc00000, 0x000000060cc00000, 0x000000060d000000|  0%| F|  |TAMS 0x000000060cc00000| PB 0x000000060cc00000| Untracked |  0
|  33|0x000000060d000000, 0x000000060d000000, 0x000000060d400000|  0%| F|  |TAMS 0x000000060d000000| PB 0x000000060d000000| Untracked |  0
|  34|0x000000060d400000, 0x000000060d400000, 0x000000060d800000|  0%| F|  |TAMS 0x000000060d400000| PB 0x000000060d400000| Untracked |  0
|  35|0x000000060d800000, 0x000000060d800000, 0x000000060dc00000|  0%| F|  |TAMS 0x000000060d800000| PB 0x000000060d800000| Untracked |  0
|  36|0x000000060dc00000, 0x000000060dc00000, 0x000000060e000000|  0%| F|  |TAMS 0x000000060dc00000| PB 0x000000060dc00000| Untracked |  0
|  37|0x000000060e000000, 0x000000060e000000, 0x000000060e400000|  0%| F|  |TAMS 0x000000060e000000| PB 0x000000060e000000| Untracked |  0
|  38|0x000000060e400000, 0x000000060e400000, 0x000000060e800000|  0%| F|  |TAMS 0x000000060e400000| PB 0x000000060e400000| Untracked |  0
|  39|0x000000060e800000, 0x000000060e800000, 0x000000060ec00000|  0%| F|  |TAMS 0x000000060e800000| PB 0x000000060e800000| Untracked |  0
|  40|0x000000060ec00000, 0x000000060ec00000, 0x000000060f000000|  0%| F|  |TAMS 0x000000060ec00000| PB 0x000000060ec00000| Untracked |  0
|  41|0x000000060f000000, 0x000000060f000000, 0x000000060f400000|  0%| F|  |TAMS 0x000000060f000000| PB 0x000000060f000000| Untracked |  0
|  42|0x000000060f400000, 0x000000060f400000, 0x000000060f800000|  0%| F|  |TAMS 0x000000060f400000| PB 0x000000060f400000| Untracked |  0
|  43|0x000000060f800000, 0x000000060f800000, 0x000000060fc00000|  0%| F|  |TAMS 0x000000060f800000| PB 0x000000060f800000| Untracked |  0
|  44|0x000000060fc00000, 0x000000060fc00000, 0x0000000610000000|  0%| F|  |TAMS 0x000000060fc00000| PB 0x000000060fc00000| Untracked |  0
|  45|0x0000000610000000, 0x0000000610000000, 0x0000000610400000|  0%| F|  |TAMS 0x0000000610000000| PB 0x0000000610000000| Untracked |  0
|  46|0x0000000610400000, 0x0000000610400000, 0x0000000610800000|  0%| F|  |TAMS 0x0000000610400000| PB 0x0000000610400000| Untracked |  0
|  47|0x0000000610800000, 0x0000000610800000, 0x0000000610c00000|  0%| F|  |TAMS 0x0000000610800000| PB 0x0000000610800000| Untracked |  0
|  48|0x0000000610c00000, 0x0000000610c00000, 0x0000000611000000|  0%| F|  |TAMS 0x0000000610c00000| PB 0x0000000610c00000| Untracked |  0
|  49|0x0000000611000000, 0x0000000611000000, 0x0000000611400000|  0%| F|  |TAMS 0x0000000611000000| PB 0x0000000611000000| Untracked |  0
|  50|0x0000000611400000, 0x0000000611400000, 0x0000000611800000|  0%| F|  |TAMS 0x0000000611400000| PB 0x0000000611400000| Untracked |  0
|  51|0x0000000611800000, 0x0000000611800000, 0x0000000611c00000|  0%| F|  |TAMS 0x0000000611800000| PB 0x0000000611800000| Untracked |  0
|  52|0x0000000611c00000, 0x0000000611c00000, 0x0000000612000000|  0%| F|  |TAMS 0x0000000611c00000| PB 0x0000000611c00000| Untracked |  0
|  53|0x0000000612000000, 0x0000000612000000, 0x0000000612400000|  0%| F|  |TAMS 0x0000000612000000| PB 0x0000000612000000| Untracked |  0
|  54|0x0000000612400000, 0x0000000612400000, 0x0000000612800000|  0%| F|  |TAMS 0x0000000612400000| PB 0x0000000612400000| Untracked |  0
|  55|0x0000000612800000, 0x0000000612800000, 0x0000000612c00000|  0%| F|  |TAMS 0x0000000612800000| PB 0x0000000612800000| Untracked |  0
|  56|0x0000000612c00000, 0x0000000612c00000, 0x0000000613000000|  0%| F|  |TAMS 0x0000000612c00000| PB 0x0000000612c00000| Untracked |  0
|  57|0x0000000613000000, 0x0000000613000000, 0x0000000613400000|  0%| F|  |TAMS 0x0000000613000000| PB 0x0000000613000000| Untracked |  0
|  58|0x0000000613400000, 0x0000000613400000, 0x0000000613800000|  0%| F|  |TAMS 0x0000000613400000| PB 0x0000000613400000| Untracked |  0
|  59|0x0000000613800000, 0x0000000613800000, 0x0000000613c00000|  0%| F|  |TAMS 0x0000000613800000| PB 0x0000000613800000| Untracked |  0
|  60|0x0000000613c00000, 0x0000000613c00000, 0x0000000614000000|  0%| F|  |TAMS 0x0000000613c00000| PB 0x0000000613c00000| Untracked |  0
|  61|0x0000000614000000, 0x0000000614000000, 0x0000000614400000|  0%| F|  |TAMS 0x0000000614000000| PB 0x0000000614000000| Untracked |  0
|  62|0x0000000614400000, 0x0000000614400000, 0x0000000614800000|  0%| F|  |TAMS 0x0000000614400000| PB 0x0000000614400000| Untracked |  0
|  63|0x0000000614800000, 0x0000000614800000, 0x0000000614c00000|  0%| F|  |TAMS 0x0000000614800000| PB 0x0000000614800000| Untracked |  0
|  64|0x0000000614c00000, 0x0000000614c00000, 0x0000000615000000|  0%| F|  |TAMS 0x0000000614c00000| PB 0x0000000614c00000| Untracked |  0
|  65|0x0000000615000000, 0x0000000615000000, 0x0000000615400000|  0%| F|  |TAMS 0x0000000615000000| PB 0x0000000615000000| Untracked |  0
|  66|0x0000000615400000, 0x0000000615400000, 0x0000000615800000|  0%| F|  |TAMS 0x0000000615400000| PB 0x0000000615400000| Untracked |  0
|  67|0x0000000615800000, 0x0000000615800000, 0x0000000615c00000|  0%| F|  |TAMS 0x0000000615800000| PB 0x0000000615800000| Untracked |  0
|  68|0x0000000615c00000, 0x0000000615c00000, 0x0000000616000000|  0%| F|  |TAMS 0x0000000615c00000| PB 0x0000000615c00000| Untracked |  0
|  69|0x0000000616000000, 0x0000000616000000, 0x0000000616400000|  0%| F|  |TAMS 0x0000000616000000| PB 0x0000000616000000| Untracked |  0
|  70|0x0000000616400000, 0x0000000616400000, 0x0000000616800000|  0%| F|  |TAMS 0x0000000616400000| PB 0x0000000616400000| Untracked |  0
|  71|0x0000000616800000, 0x0000000616800000, 0x0000000616c00000|  0%| F|  |TAMS 0x0000000616800000| PB 0x0000000616800000| Untracked |  0
|  72|0x0000000616c00000, 0x0000000616c00000, 0x0000000617000000|  0%| F|  |TAMS 0x0000000616c00000| PB 0x0000000616c00000| Untracked |  0
|  73|0x0000000617000000, 0x0000000617000000, 0x0000000617400000|  0%| F|  |TAMS 0x0000000617000000| PB 0x0000000617000000| Untracked |  0
|  74|0x0000000617400000, 0x0000000617400000, 0x0000000617800000|  0%| F|  |TAMS 0x0000000617400000| PB 0x0000000617400000| Untracked |  0
|  75|0x0000000617800000, 0x0000000617800000, 0x0000000617c00000|  0%| F|  |TAMS 0x0000000617800000| PB 0x0000000617800000| Untracked |  0
|  76|0x0000000617c00000, 0x0000000617c00000, 0x0000000618000000|  0%| F|  |TAMS 0x0000000617c00000| PB 0x0000000617c00000| Untracked |  0
|  77|0x0000000618000000, 0x0000000618000000, 0x0000000618400000|  0%| F|  |TAMS 0x0000000618000000| PB 0x0000000618000000| Untracked |  0
|  78|0x0000000618400000, 0x0000000618400000, 0x0000000618800000|  0%| F|  |TAMS 0x0000000618400000| PB 0x0000000618400000| Untracked |  0
|  79|0x0000000618800000, 0x0000000618800000, 0x0000000618c00000|  0%| F|  |TAMS 0x0000000618800000| PB 0x0000000618800000| Untracked |  0
|  80|0x0000000618c00000, 0x0000000618c00000, 0x0000000619000000|  0%| F|  |TAMS 0x0000000618c00000| PB 0x0000000618c00000| Untracked |  0
|  81|0x0000000619000000, 0x0000000619000000, 0x0000000619400000|  0%| F|  |TAMS 0x0000000619000000| PB 0x0000000619000000| Untracked |  0
|  82|0x0000000619400000, 0x0000000619400000, 0x0000000619800000|  0%| F|  |TAMS 0x0000000619400000| PB 0x0000000619400000| Untracked |  0
|  83|0x0000000619800000, 0x0000000619800000, 0x0000000619c00000|  0%| F|  |TAMS 0x0000000619800000| PB 0x0000000619800000| Untracked |  0
|  84|0x0000000619c00000, 0x0000000619c00000, 0x000000061a000000|  0%| F|  |TAMS 0x0000000619c00000| PB 0x0000000619c00000| Untracked |  0
|  85|0x000000061a000000, 0x000000061a000000, 0x000000061a400000|  0%| F|  |TAMS 0x000000061a000000| PB 0x000000061a000000| Untracked |  0
|  86|0x000000061a400000, 0x000000061a400000, 0x000000061a800000|  0%| F|  |TAMS 0x000000061a400000| PB 0x000000061a400000| Untracked |  0
|  87|0x000000061a800000, 0x000000061a800000, 0x000000061ac00000|  0%| F|  |TAMS 0x000000061a800000| PB 0x000000061a800000| Untracked |  0
|  88|0x000000061ac00000, 0x000000061ac00000, 0x000000061b000000|  0%| F|  |TAMS 0x000000061ac00000| PB 0x000000061ac00000| Untracked |  0
|  89|0x000000061b000000, 0x000000061b000000, 0x000000061b400000|  0%| F|  |TAMS 0x000000061b000000| PB 0x000000061b000000| Untracked |  0
|  90|0x000000061b400000, 0x000000061b400000, 0x000000061b800000|  0%| F|  |TAMS 0x000000061b400000| PB 0x000000061b400000| Untracked |  0
|  91|0x000000061b800000, 0x000000061b800000, 0x000000061bc00000|  0%| F|  |TAMS 0x000000061b800000| PB 0x000000061b800000| Untracked |  0
|  92|0x000000061bc00000, 0x000000061bc00000, 0x000000061c000000|  0%| F|  |TAMS 0x000000061bc00000| PB 0x000000061bc00000| Untracked |  0
|  93|0x000000061c000000, 0x000000061c000000, 0x000000061c400000|  0%| F|  |TAMS 0x000000061c000000| PB 0x000000061c000000| Untracked |  0
|  94|0x000000061c400000, 0x000000061c400000, 0x000000061c800000|  0%| F|  |TAMS 0x000000061c400000| PB 0x000000061c400000| Untracked |  0
|  95|0x000000061c800000, 0x000000061c800000, 0x000000061cc00000|  0%| F|  |TAMS 0x000000061c800000| PB 0x000000061c800000| Untracked |  0
|  96|0x000000061cc00000, 0x000000061cc00000, 0x000000061d000000|  0%| F|  |TAMS 0x000000061cc00000| PB 0x000000061cc00000| Untracked |  0
|  97|0x000000061d000000, 0x000000061d000000, 0x000000061d400000|  0%| F|  |TAMS 0x000000061d000000| PB 0x000000061d000000| Untracked |  0
|  98|0x000000061d400000, 0x000000061d400000, 0x000000061d800000|  0%| F|  |TAMS 0x000000061d400000| PB 0x000000061d400000| Untracked |  0
|  99|0x000000061d800000, 0x000000061d800000, 0x000000061dc00000|  0%| F|  |TAMS 0x000000061d800000| PB 0x000000061d800000| Untracked |  0
| 100|0x000000061dc00000, 0x000000061dc00000, 0x000000061e000000|  0%| F|  |TAMS 0x000000061dc00000| PB 0x000000061dc00000| Untracked |  0
| 101|0x000000061e000000, 0x000000061e000000, 0x000000061e400000|  0%| F|  |TAMS 0x000000061e000000| PB 0x000000061e000000| Untracked |  0
| 102|0x000000061e400000, 0x000000061e400000, 0x000000061e800000|  0%| F|  |TAMS 0x000000061e400000| PB 0x000000061e400000| Untracked |  0
| 103|0x000000061e800000, 0x000000061e800000, 0x000000061ec00000|  0%| F|  |TAMS 0x000000061e800000| PB 0x000000061e800000| Untracked |  0
| 104|0x000000061ec00000, 0x000000061ec00000, 0x000000061f000000|  0%| F|  |TAMS 0x000000061ec00000| PB 0x000000061ec00000| Untracked |  0
| 105|0x000000061f000000, 0x000000061f000000, 0x000000061f400000|  0%| F|  |TAMS 0x000000061f000000| PB 0x000000061f000000| Untracked |  0
| 106|0x000000061f400000, 0x000000061f400000, 0x000000061f800000|  0%| F|  |TAMS 0x000000061f400000| PB 0x000000061f400000| Untracked |  0
| 107|0x000000061f800000, 0x000000061f800000, 0x000000061fc00000|  0%| F|  |TAMS 0x000000061f800000| PB 0x000000061f800000| Untracked |  0
| 108|0x000000061fc00000, 0x000000061fc00000, 0x0000000620000000|  0%| F|  |TAMS 0x000000061fc00000| PB 0x000000061fc00000| Untracked |  0
| 109|0x0000000620000000, 0x0000000620000000, 0x0000000620400000|  0%| F|  |TAMS 0x0000000620000000| PB 0x0000000620000000| Untracked |  0
| 110|0x0000000620400000, 0x0000000620400000, 0x0000000620800000|  0%| F|  |TAMS 0x0000000620400000| PB 0x0000000620400000| Untracked |  0
| 111|0x0000000620800000, 0x0000000620800000, 0x0000000620c00000|  0%| F|  |TAMS 0x0000000620800000| PB 0x0000000620800000| Untracked |  0
| 112|0x0000000620c00000, 0x0000000620c00000, 0x0000000621000000|  0%| F|  |TAMS 0x0000000620c00000| PB 0x0000000620c00000| Untracked |  0
| 113|0x0000000621000000, 0x0000000621000000, 0x0000000621400000|  0%| F|  |TAMS 0x0000000621000000| PB 0x0000000621000000| Untracked |  0
| 114|0x0000000621400000, 0x0000000621400000, 0x0000000621800000|  0%| F|  |TAMS 0x0000000621400000| PB 0x0000000621400000| Untracked |  0
| 115|0x0000000621800000, 0x0000000621800000, 0x0000000621c00000|  0%| F|  |TAMS 0x0000000621800000| PB 0x0000000621800000| Untracked |  0
| 116|0x0000000621c00000, 0x0000000621c00000, 0x0000000622000000|  0%| F|  |TAMS 0x0000000621c00000| PB 0x0000000621c00000| Untracked |  0
| 117|0x0000000622000000, 0x0000000622000000, 0x0000000622400000|  0%| F|  |TAMS 0x0000000622000000| PB 0x0000000622000000| Untracked |  0
| 118|0x0000000622400000, 0x0000000622400000, 0x0000000622800000|  0%| F|  |TAMS 0x0000000622400000| PB 0x0000000622400000| Untracked |  0
| 119|0x0000000622800000, 0x0000000622800000, 0x0000000622c00000|  0%| F|  |TAMS 0x0000000622800000| PB 0x0000000622800000| Untracked |  0
| 120|0x0000000622c00000, 0x0000000622d1cd38, 0x0000000623000000| 27%| E|  |TAMS 0x0000000622c00000| PB 0x0000000622c00000| Complete |  0
| 121|0x0000000623000000, 0x0000000623400000, 0x0000000623400000|100%| E|CS|TAMS 0x0000000623000000| PB 0x0000000623000000| Complete |  0
| 122|0x0000000623400000, 0x0000000623800000, 0x0000000623800000|100%| E|CS|TAMS 0x0000000623400000| PB 0x0000000623400000| Complete |  0
| 123|0x0000000623800000, 0x0000000623c00000, 0x0000000623c00000|100%| E|CS|TAMS 0x0000000623800000| PB 0x0000000623800000| Complete |  0
| 124|0x0000000623c00000, 0x0000000624000000, 0x0000000624000000|100%| E|CS|TAMS 0x0000000623c00000| PB 0x0000000623c00000| Complete |  0
| 125|0x0000000624000000, 0x0000000624400000, 0x0000000624400000|100%| E|CS|TAMS 0x0000000624000000| PB 0x0000000624000000| Complete |  0
| 126|0x0000000624400000, 0x0000000624800000, 0x0000000624800000|100%| E|CS|TAMS 0x0000000624400000| PB 0x0000000624400000| Complete |  0
|2028|0x00000007ffc00000, 0x00000007ffd1d3c0, 0x0000000800000000| 27%| O|  |TAMS 0x00000007ffc00000| PB 0x00000007ffc00000| Untracked |  0

Card table byte_map: [0x0000016700000000,0x0000016700fe0000] _byte_map_base: 0x00000166fcfda000

Marking Bits: (CMBitMap*) 0x000001676e745890
 Bits: [0x0000016700fe0000, 0x0000016708eb0000)

Polling page: 0x00000167637d0000

Metaspace:

Usage:
  Non-class:      5.04 MB used.
      Class:    457.55 KB used.
       Both:      5.48 MB used.

Virtual space:
  Non-class space:       64.00 MB reserved,       5.12 MB (  8%) committed,  1 nodes.
      Class space:        1.00 GB reserved,     512.00 KB ( <1%) committed,  1 nodes.
             Both:        1.06 GB reserved,       5.62 MB ( <1%) committed. 

Chunk freelists:
   Non-Class:  10.92 MB
       Class:  15.52 MB
        Both:  26.45 MB

MaxMetaspaceSize: unlimited
CompressedClassSpaceSize: 1.00 GB
Initial GC threshold: 21.00 MB
Current GC threshold: 21.00 MB
CDS: on
 - commit_granule_bytes: 65536.
 - commit_granule_words: 8192.
 - virtual_space_node_default_size: 8388608.
 - enlarge_chunks_in_place: 1.
UseCompressedClassPointers 1, UseCompactObjectHeaders 0
Narrow klass pointer bits 32, Max shift 3
Narrow klass base: 0x000001670c000000, Narrow klass shift: 0
Encoding Range: [0x000001670c000000 - 0x000001680c000000), (4294967296 bytes)
Klass Range:    [0x000001670c000000 - 0x000001674d000000), (1090519040 bytes)
Klass ID Range:  [8 - 1090519033) (1090519025)


Internal statistics:

num_allocs_failed_limit: 0.
num_arena_births: 70.
num_arena_deaths: 0.
num_vsnodes_births: 2.
num_vsnodes_deaths: 0.
num_space_committed: 90.
num_space_uncommitted: 0.
num_chunks_returned_to_freelist: 0.
num_chunks_taken_from_freelist: 77.
num_chunk_merges: 0.
num_chunk_splits: 53.
num_chunks_enlarged: 34.
num_inconsistent_stats: 0.

CodeHeap 'non-profiled nmethods': size=119232Kb used=420Kb max_used=420Kb free=118811Kb
 bounds [0x00000167763c0000, 0x0000016776630000, 0x000001677d830000]
CodeHeap 'profiled nmethods': size=119104Kb used=2034Kb max_used=2034Kb free=117069Kb
 bounds [0x000001676e830000, 0x000001676eaa0000, 0x0000016775c80000]
CodeHeap 'non-nmethods': size=7424Kb used=2987Kb max_used=3052Kb free=4437Kb
 bounds [0x0000016775c80000, 0x0000016775f80000, 0x00000167763c0000]
CodeCache: size=245760Kb, used=5441Kb, max_used=5506Kb, free=240317Kb
 total_blobs=1891, nmethods=1422, adapters=372, full_count=0
Compilation: enabled, stopped_count=0, restarted_count=0

Compilation events (20 events):
Event: 0.329 Thread 0x000001670bd625b0 1423       3       jdk.internal.classfile.impl.Util::writeList (28 bytes)
Event: 0.329 Thread 0x000001670bd04d10 nmethod 1419 0x000001676ea2a088 code [0x000001676ea2a1e0, 0x000001676ea2a670]
Event: 0.329 Thread 0x000001670bd058a0 1425       3       jdk.internal.classfile.impl.BufWriterImpl::copyTo (15 bytes)
Event: 0.330 Thread 0x000001670bd04d10 1420       1       java.lang.classfile.ClassFile::latestMajorVersion (3 bytes)
Event: 0.330 Thread 0x000001670bd058a0 nmethod 1425 0x000001676ea2a708 code [0x000001676ea2a820, 0x000001676ea2aa90]
Event: 0.330 Thread 0x000001670bd625b0 nmethod 1423 0x000001676ea2ab08 code [0x000001676ea2ac60, 0x000001676ea2b1d0]
Event: 0.330 Thread 0x000001670bd04d10 nmethod 1420 0x0000016776420908 code [0x0000016776420a00, 0x0000016776420aa8]
Event: 0.330 Thread 0x000001670bd058a0 1421       1       java.lang.classfile.ClassFile::latestMinorVersion (2 bytes)
Event: 0.330 Thread 0x000001670bd04d10 1422       1       jdk.internal.classfile.impl.DirectClassBuilder::setFlags (6 bytes)
Event: 0.330 Thread 0x000001670bd058a0 nmethod 1421 0x0000016776420c08 code [0x0000016776420d00, 0x0000016776420da8]
Event: 0.330 Thread 0x000001670bd04d10 nmethod 1422 0x0000016776420f08 code [0x0000016776421000, 0x00000167764210c8]
Event: 0.330 Thread 0x000001670bc30ed0 nmethod 1424 0x000001676ea2b208 code [0x000001676ea2b460, 0x000001676ea2c8c0]
Event: 0.331 Thread 0x000001675195cd70 nmethod 1386 0x0000016776421208 code [0x0000016776421360, 0x00000167764218d8]
Event: 0.332 Thread 0x000001675195cd70 1415       4       java.util.HashMap$HashIterator::nextNode (100 bytes)
Event: 0.334 Thread 0x000001675195cd70 nmethod 1415 0x0000016776421988 code [0x0000016776421aa0, 0x00000167764220a8]
Event: 0.334 Thread 0x00000167529f4780 nmethod 1382 0x0000016776422108 code [0x0000016776422300, 0x0000016776423dd0]
Event: 0.334 Thread 0x000001675195cd70 1394       4       java.util.LinkedHashMap::linkNodeAtEnd (76 bytes)
Event: 0.335 Thread 0x000001675195cd70 nmethod 1394 0x0000016776423e88 code [0x0000016776423fa0, 0x00000167764244c8]
Event: 0.335 Thread 0x00000167529f37e0 nmethod 1399 0x0000016776424508 code [0x0000016776424620, 0x0000016776424b98]
Event: 0.344 Thread 0x000001670bc2d150 nmethod 1383 0x0000016776424c08 code [0x0000016776424f20, 0x0000016776429080]

GC Heap History (0 events):
No events

Dll operation events (9 events):
Event: 0.014 Loaded shared library C:\Program Files\Java\jdk-24\bin\java.dll
Event: 0.015 Loaded shared library C:\Program Files\Java\jdk-24\bin\zip.dll
Event: 0.031 Loaded shared library C:\Program Files\Java\jdk-24\bin\jsvml.dll
Event: 0.057 Loaded shared library C:\Program Files\Java\jdk-24\bin\instrument.dll
Event: 0.059 Loaded shared library C:\Program Files\Java\jdk-24\bin\net.dll
Event: 0.060 Loaded shared library C:\Program Files\Java\jdk-24\bin\nio.dll
Event: 0.063 Loaded shared library C:\Program Files\Java\jdk-24\bin\zip.dll
Event: 0.079 Loaded shared library C:\Program Files\Java\jdk-24\bin\extnet.dll
Event: 0.140 Loaded shared library C:\Program Files\Java\jdk-24\bin\jimage.dll

Deoptimization events (20 events):
Event: 0.272 Thread 0x000001676e694180 Uncommon trap: trap_request=0xffffffde fr.pc=0x0000016776408b18 relative=0x0000000000000078
Event: 0.272 Thread 0x000001676e694180 Uncommon trap: reason=class_check action=maybe_recompile pc=0x0000016776408b18 method=jdk.jfr.FlightRecorderPermission$InternalAccess.getType(Ljava/lang/Object;)Ljdk/jfr/internal/Type; @ 18 c2
Event: 0.272 Thread 0x000001676e694180 DEOPT PACKING pc=0x0000016776408b18 sp=0x00000067014fdd10
Event: 0.272 Thread 0x000001676e694180 DEOPT UNPACKING pc=0x0000016775d97702 sp=0x00000067014fdca8 mode 2
Event: 0.299 Thread 0x000001676e694180 Uncommon trap: trap_request=0xffffffd6 fr.pc=0x0000016776415720 relative=0x00000000000006c0
Event: 0.299 Thread 0x000001676e694180 Uncommon trap: reason=array_check action=maybe_recompile pc=0x0000016776415720 method=jdk.internal.classfile.impl.SplitConstantPool.internalAdd(Ljava/lang/classfile/constantpool/PoolEntry;I)Ljava/lang/classfile/constantpool/PoolEntry; @ 46 c2
Event: 0.299 Thread 0x000001676e694180 DEOPT PACKING pc=0x0000016776415720 sp=0x00000067014fca80
Event: 0.299 Thread 0x000001676e694180 DEOPT UNPACKING pc=0x0000016775d97702 sp=0x00000067014fca30 mode 2
Event: 0.299 Thread 0x000001676e694180 Uncommon trap: trap_request=0xffffffd6 fr.pc=0x0000016776415720 relative=0x00000000000006c0
Event: 0.299 Thread 0x000001676e694180 Uncommon trap: reason=array_check action=maybe_recompile pc=0x0000016776415720 method=jdk.internal.classfile.impl.SplitConstantPool.internalAdd(Ljava/lang/classfile/constantpool/PoolEntry;I)Ljava/lang/classfile/constantpool/PoolEntry; @ 46 c2
Event: 0.299 Thread 0x000001676e694180 DEOPT PACKING pc=0x0000016776415720 sp=0x00000067014fca80
Event: 0.299 Thread 0x000001676e694180 DEOPT UNPACKING pc=0x0000016775d97702 sp=0x00000067014fca30 mode 2
Event: 0.299 Thread 0x000001676e694180 Uncommon trap: trap_request=0xffffffd6 fr.pc=0x0000016776415720 relative=0x00000000000006c0
Event: 0.299 Thread 0x000001676e694180 Uncommon trap: reason=array_check action=maybe_recompile pc=0x0000016776415720 method=jdk.internal.classfile.impl.SplitConstantPool.internalAdd(Ljava/lang/classfile/constantpool/PoolEntry;I)Ljava/lang/classfile/constantpool/PoolEntry; @ 46 c2
Event: 0.299 Thread 0x000001676e694180 DEOPT PACKING pc=0x0000016776415720 sp=0x00000067014fc9a0
Event: 0.299 Thread 0x000001676e694180 DEOPT UNPACKING pc=0x0000016775d97702 sp=0x00000067014fc950 mode 2
Event: 0.299 Thread 0x000001676e694180 Uncommon trap: trap_request=0xffffffd6 fr.pc=0x0000016776415720 relative=0x00000000000006c0
Event: 0.299 Thread 0x000001676e694180 Uncommon trap: reason=array_check action=maybe_recompile pc=0x0000016776415720 method=jdk.internal.classfile.impl.SplitConstantPool.internalAdd(Ljava/lang/classfile/constantpool/PoolEntry;I)Ljava/lang/classfile/constantpool/PoolEntry; @ 46 c2
Event: 0.299 Thread 0x000001676e694180 DEOPT PACKING pc=0x0000016776415720 sp=0x00000067014fc9a0
Event: 0.299 Thread 0x000001676e694180 DEOPT UNPACKING pc=0x0000016775d97702 sp=0x00000067014fc950 mode 2

Classes loaded (20 events):
Event: 0.310 Loading class jdk/jfr/internal/MetadataWriter
Event: 0.311 Loading class jdk/jfr/internal/MetadataWriter done
Event: 0.311 Loading class jdk/jfr/internal/MetadataDescriptor$Element
Event: 0.311 Loading class jdk/jfr/internal/MetadataDescriptor$Element done
Event: 0.311 Loading class jdk/jfr/internal/MetadataDescriptor$Attribute
Event: 0.311 Loading class jdk/jfr/internal/MetadataDescriptor$Attribute done
Event: 0.316 Loading class jdk/jfr/internal/consumer/StringParser$Encoding
Event: 0.316 Loading class jdk/jfr/internal/consumer/StringParser$Encoding done
Event: 0.323 Loading class jdk/jfr/internal/consumer/RepositoryFiles
Event: 0.323 Loading class jdk/jfr/internal/consumer/RepositoryFiles done
Event: 0.325 Loading class jdk/jfr/internal/SettingsManager$InternalSetting
Event: 0.325 Loading class jdk/jfr/internal/SettingsManager$InternalSetting done
Event: 0.326 Loading class jdk/jfr/internal/util/Rate
Event: 0.326 Loading class jdk/jfr/internal/util/Rate done
Event: 0.326 Loading class jdk/jfr/internal/util/TimespanUnit
Event: 0.326 Loading class jdk/jfr/internal/util/TimespanUnit done
Event: 0.326 Loading class jdk/jfr/internal/util/ValueParser
Event: 0.327 Loading class jdk/jfr/internal/util/ValueParser done
Event: 0.328 Loading class jdk/jfr/internal/periodic/PeriodicType
Event: 0.328 Loading class jdk/jfr/internal/periodic/PeriodicType done

Classes unloaded (0 events):
No events

Classes redefined (1 events):
Event: 0.085 Thread 0x000001670bbd9790 redefined class name=java.lang.Throwable, count=1

Internal exceptions (19 events):
Event: 0.066 Thread 0x000001676e694180 Exception <a 'java/lang/NoSuchMethodError'{0x00000006240314f0}: 'void java.lang.invoke.DirectMethodHandle$Holder.invokeStatic(java.lang.Object, java.lang.Object, java.lang.Object)'> (0x00000006240314f0) 
thrown [s\open\src\hotspot\share\interpreter\linkResolver.cpp, line 805]
Event: 0.070 Thread 0x000001676e694180 Exception <a 'java/lang/NoSuchMethodError'{0x00000006240660b0}: 'java.lang.Object java.lang.invoke.Invokers$Holder.invokeExact_MT(java.lang.Object, java.lang.Object, java.lang.Object, java.lang.Object, java.lang.Object)'> (0x00000006240660b0) 
thrown [s\open\src\hotspot\share\interpreter\linkResolver.cpp, line 805]
Event: 0.077 Thread 0x000001670bc27c70 Exception <a 'java/lang/NoSuchMethodError'{0x00000006241213c0}: 'java.lang.Object java.lang.invoke.DirectMethodHandle$Holder.invokeStaticInit(java.lang.Object)'> (0x00000006241213c0) 
thrown [s\open\src\hotspot\share\interpreter\linkResolver.cpp, line 805]
Event: 0.080 Thread 0x000001670bc27c70 Exception <a 'java/lang/NoSuchMethodError'{0x000000062412dcc8}: 'void java.lang.invoke.DirectMethodHandle$Holder.invokeStatic(java.lang.Object, java.lang.Object)'> (0x000000062412dcc8) 
thrown [s\open\src\hotspot\share\interpreter\linkResolver.cpp, line 805]
Event: 0.090 Thread 0x000001676e694180 Exception <a 'java/lang/NoSuchMethodError'{0x0000000624204310}: 'java.lang.Object java.lang.invoke.DirectMethodHandle$Holder.invokeStaticInit(java.lang.Object, java.lang.Object, java.lang.Object)'> (0x0000000624204310) 
thrown [s\open\src\hotspot\share\interpreter\linkResolver.cpp, line 805]
Event: 0.175 Thread 0x000001676e694180 Exception <a 'java/lang/NoSuchMethodError'{0x00000006238709c0}: 'java.lang.Object java.lang.invoke.DirectMethodHandle$Holder.invokeStatic(java.lang.Object, int, java.lang.Object)'> (0x00000006238709c0) 
thrown [s\open\src\hotspot\share\interpreter\linkResolver.cpp, line 805]
Event: 0.184 Thread 0x000001676e694180 Exception <a 'java/lang/NoSuchMethodError'{0x00000006238b9368}: 'void java.lang.invoke.DirectMethodHandle$Holder.invokeStaticInit(java.lang.Object)'> (0x00000006238b9368) 
thrown [s\open\src\hotspot\share\interpreter\linkResolver.cpp, line 805]
Event: 0.196 Thread 0x000001676e694180 Exception <a 'java/lang/NoSuchMethodError'{0x000000062396dd58}: 'void java.lang.invoke.DirectMethodHandle$Holder.invokeSpecial(java.lang.Object, java.lang.Object, java.lang.Object)'> (0x000000062396dd58) 
thrown [s\open\src\hotspot\share\interpreter\linkResolver.cpp, line 805]
Event: 0.207 Thread 0x000001676e694180 Exception <a 'java/lang/NoSuchMethodError'{0x00000006239e8bf8}: 'java.lang.Object java.lang.invoke.DirectMethodHandle$Holder.newInvokeSpecial(java.lang.Object, java.lang.Object, java.lang.Object, java.lang.Object, java.lang.Object)'> (0x00000006239e8bf8) 
thrown [s\open\src\hotspot\share\interpreter\linkResolver.cpp, line 805]
Event: 0.231 Thread 0x000001676e694180 Exception <a 'java/lang/NoSuchMethodError'{0x0000000623b9e8d0}: 'long java.lang.invoke.DirectMethodHandle$Holder.invokeVirtual(java.lang.Object, java.lang.Object)'> (0x0000000623b9e8d0) 
thrown [s\open\src\hotspot\share\interpreter\linkResolver.cpp, line 805]
Event: 0.263 Thread 0x000001676e694180 Exception <a 'java/lang/NoSuchMethodError'{0x00000006236143c8}: 'int java.lang.invoke.DirectMethodHandle$Holder.invokeSpecial(java.lang.Object, java.lang.Object, java.lang.Object)'> (0x00000006236143c8) 
thrown [s\open\src\hotspot\share\interpreter\linkResolver.cpp, line 805]
Event: 0.297 Thread 0x000001676e694180 Exception <a 'java/lang/NoSuchMethodError'{0x00000006237ecbd0}: 'void java.lang.invoke.DirectMethodHandle$Holder.invokeSpecial(java.lang.Object, java.lang.Object, int)'> (0x00000006237ecbd0) 
thrown [s\open\src\hotspot\share\interpreter\linkResolver.cpp, line 805]
Event: 0.297 Thread 0x000001676e694180 Exception <a 'java/lang/NoSuchMethodError'{0x00000006237f4810}: 'void java.lang.invoke.Invokers$Holder.invokeExact_MT(java.lang.Object, int, java.lang.Object)'> (0x00000006237f4810) 
thrown [s\open\src\hotspot\share\interpreter\linkResolver.cpp, line 805]
Event: 0.299 Thread 0x000001676e694180 Exception <a 'java/lang/NoSuchMethodError'{0x0000000623012290}: 'void java.lang.invoke.DirectMethodHandle$Holder.invokeStatic(java.lang.Object, java.lang.Object, int)'> (0x0000000623012290) 
thrown [s\open\src\hotspot\share\interpreter\linkResolver.cpp, line 805]
Event: 0.299 Thread 0x000001676e694180 Exception <a 'java/lang/NoSuchMethodError'{0x0000000623021a70}: 'java.lang.Object java.lang.invoke.DirectMethodHandle$Holder.newInvokeSpecial(java.lang.Object, java.lang.Object, int)'> (0x0000000623021a70) 
thrown [s\open\src\hotspot\share\interpreter\linkResolver.cpp, line 805]
Event: 0.300 Thread 0x000001670bc27520 Exception <a 'java/lang/NoSuchMethodError'{0x00000006230f8740}: 'long java.lang.invoke.DirectMethodHandle$Holder.invokeSpecial(java.lang.Object, java.lang.Object)'> (0x00000006230f8740) 
thrown [s\open\src\hotspot\share\interpreter\linkResolver.cpp, line 805]
Event: 0.303 Thread 0x000001676e694180 Exception <a 'sun/nio/fs/WindowsException'{0x0000000623063860}> (0x0000000623063860) 
thrown [s\open\src\hotspot\share\prims\jni.cpp, line 518]
Event: 0.304 Thread 0x000001676e694180 Exception <a 'sun/nio/fs/WindowsException'{0x0000000623071fa8}> (0x0000000623071fa8) 
thrown [s\open\src\hotspot\share\prims\jni.cpp, line 518]
Event: 0.307 Thread 0x000001676e694180 Exception <a 'sun/nio/fs/WindowsException'{0x0000000623084920}> (0x0000000623084920) 
thrown [s\open\src\hotspot\share\prims\jni.cpp, line 518]

VM Operations (8 events):
Event: 0.085 Executing VM operation: RedefineClasses
Event: 0.086 Executing VM operation: RedefineClasses done
Event: 0.201 Executing VM operation: HandshakeAllThreads (Deoptimize)
Event: 0.201 Executing VM operation: HandshakeAllThreads (Deoptimize) done
Event: 0.300 Executing VM operation: HandshakeAllThreads (Deoptimize)
Event: 0.300 Executing VM operation: HandshakeAllThreads (Deoptimize) done
Event: 0.323 Executing VM operation: JFRSafepointClear
Event: 0.324 Executing VM operation: JFRSafepointClear done

Memory protections (0 events):
No events

Nmethod flushes (0 events):
No events

Events (20 events):
Event: 0.023 Thread 0x000001676e694180 Thread added: 0x000001676e694180
Event: 0.029 Thread 0x000001676e694180 Thread added: 0x000001670bbeea00
Event: 0.029 Thread 0x000001676e694180 Thread added: 0x000001670bbef140
Event: 0.029 Thread 0x000001676e694180 Thread added: 0x000001670bbf3f80
Event: 0.029 Thread 0x000001676e694180 Thread added: 0x000001670bc14800
Event: 0.030 Thread 0x000001676e694180 Thread added: 0x000001670bc22b00
Event: 0.030 Thread 0x000001676e694180 Thread added: 0x000001670bc283c0
Event: 0.030 Thread 0x000001676e694180 Thread added: 0x000001670bc2d150
Event: 0.030 Thread 0x000001676e694180 Thread added: 0x000001670bc30ed0
Event: 0.045 Thread 0x000001676e694180 Thread added: 0x000001670bc29260
Event: 0.048 Thread 0x000001670bc30ed0 Thread added: 0x000001670bd04d10
Event: 0.048 Thread 0x000001670bd04d10 Thread added: 0x000001670bd058a0
Event: 0.048 Thread 0x000001670bc30ed0 Thread added: 0x000001670bd625b0
Event: 0.052 Thread 0x000001670bd058a0 Thread added: 0x000001670bd84ae0
Event: 0.071 Thread 0x000001676e694180 Thread added: 0x000001670bc27c70
Event: 0.134 Thread 0x000001670bd84ae0 Thread added: 0x000001675195cd70
Event: 0.182 Thread 0x000001676e694180 Thread added: 0x000001670bc299b0
Event: 0.238 Thread 0x000001670bd058a0 Thread added: 0x00000167529f37e0
Event: 0.238 Thread 0x000001670bd058a0 Thread added: 0x00000167529f4780
Event: 0.299 Thread 0x000001676e694180 Thread added: 0x000001670bc27520


Dynamic libraries:
0x00007ff60fba0000 - 0x00007ff60fbb0000 	C:\Program Files\Java\jdk-24\bin\java.exe
0x00007ffad3280000 - 0x00007ffad34e7000 	C:\WINDOWS\SYSTEM32\ntdll.dll
0x00007ffad16e0000 - 0x00007ffad17a9000 	C:\WINDOWS\System32\KERNEL32.DLL
0x00007ffad0b60000 - 0x00007ffad0f4f000 	C:\WINDOWS\System32\KERNELBASE.dll
0x00007ffad0800000 - 0x00007ffad094b000 	C:\WINDOWS\System32\ucrtbase.dll
0x00007ffab7cd0000 - 0x00007ffab7ce6000 	C:\Program Files\Java\jdk-24\bin\jli.dll
0x00007ffab3a70000 - 0x00007ffab3a8b000 	C:\Program Files\Java\jdk-24\bin\VCRUNTIME140.dll
0x00007ffad2d70000 - 0x00007ffad2f35000 	C:\WINDOWS\System32\USER32.dll
0x00007ffad0b30000 - 0x00007ffad0b57000 	C:\WINDOWS\System32\win32u.dll
0x00007ffaa3940000 - 0x00007ffaa3bd3000 	C:\WINDOWS\WinSxS\amd64_microsoft.windows.common-controls_6595b64144ccf1df_6.0.26100.7309_none_3e05feeae336a044\COMCTL32.dll
0x00007ffad1a50000 - 0x00007ffad1a7b000 	C:\WINDOWS\System32\GDI32.dll
0x00007ffad1a80000 - 0x00007ffad1b29000 	C:\WINDOWS\System32\msvcrt.dll
0x00007ffad0950000 - 0x00007ffad0a7c000 	C:\WINDOWS\System32\gdi32full.dll
0x00007ffad03d0000 - 0x00007ffad0473000 	C:\WINDOWS\System32\msvcp_win.dll
0x00007ffad16a0000 - 0x00007ffad16d1000 	C:\WINDOWS\System32\IMM32.DLL
0x00007ffac5380000 - 0x00007ffac538c000 	C:\Program Files\Java\jdk-24\bin\vcruntime140_1.dll
0x00007ffa63770000 - 0x00007ffa637fe000 	C:\Program Files\Java\jdk-24\bin\msvcp140.dll
0x00007ffa1cf50000 - 0x00007ffa1dcf2000 	C:\Program Files\Java\jdk-24\bin\server\jvm.dll
0x00007ffad1ca0000 - 0x00007ffad1d54000 	C:\WINDOWS\System32\ADVAPI32.dll
0x00007ffad25a0000 - 0x00007ffad2646000 	C:\WINDOWS\System32\sechost.dll
0x00007ffad2f40000 - 0x00007ffad3058000 	C:\WINDOWS\System32\RPCRT4.dll
0x00007ffad17b0000 - 0x00007ffad1824000 	C:\WINDOWS\System32\WS2_32.dll
0x00007ffac6af0000 - 0x00007ffac6b25000 	C:\WINDOWS\SYSTEM32\WINMM.dll
0x00007ffacffc0000 - 0x00007ffad001e000 	C:\WINDOWS\SYSTEM32\POWRPROF.dll
0x00007ffac5ce0000 - 0x00007ffac5ceb000 	C:\WINDOWS\SYSTEM32\VERSION.dll
0x00007ffacffa0000 - 0x00007ffacffb4000 	C:\WINDOWS\SYSTEM32\UMPDC.dll
0x00007ffacf180000 - 0x00007ffacf19b000 	C:\WINDOWS\SYSTEM32\kernel.appcore.dll
0x00007ffac1bc0000 - 0x00007ffac1bca000 	C:\Program Files\Java\jdk-24\bin\jimage.dll
0x00007ffacd810000 - 0x00007ffacda52000 	C:\WINDOWS\SYSTEM32\DBGHELP.DLL
0x00007ffad2940000 - 0x00007ffad2cc5000 	C:\WINDOWS\System32\combase.dll
0x00007ffad1d60000 - 0x00007ffad1e36000 	C:\WINDOWS\System32\OLEAUT32.dll
0x00007ffa9a1f0000 - 0x00007ffa9a22c000 	C:\WINDOWS\SYSTEM32\dbgcore.DLL
0x00007ffad0a80000 - 0x00007ffad0b25000 	C:\WINDOWS\System32\bcryptPrimitives.dll
0x00007ffac85b0000 - 0x00007ffac85bf000 	C:\Program Files\Java\jdk-24\bin\instrument.dll
0x00007ffaaf060000 - 0x00007ffaaf07e000 	C:\Program Files\Java\jdk-24\bin\java.dll
0x00007ffad1830000 - 0x00007ffad19c7000 	C:\WINDOWS\System32\ole32.dll
0x00007ffad1e40000 - 0x00007ffad2593000 	C:\WINDOWS\System32\SHELL32.dll
0x00007ffad0480000 - 0x00007ffad05ea000 	C:\WINDOWS\System32\wintypes.dll
0x00007ffa39530000 - 0x00007ffa3973e000 	C:\Users\samue\AppData\Local\Temp\idea_libasyncProfiler_dll_temp_folder\libasyncProfiler.dll
0x00007ffaae210000 - 0x00007ffaae227000 	C:\Program Files\Java\jdk-24\bin\zip.dll
0x00007ffacdfd0000 - 0x00007fface82e000 	C:\WINDOWS\SYSTEM32\windows.storage.dll
0x00007ffad1050000 - 0x00007ffad1145000 	C:\WINDOWS\System32\SHCORE.dll
0x00007ffad2cd0000 - 0x00007ffad2d36000 	C:\WINDOWS\System32\shlwapi.dll
0x00007ffad02f0000 - 0x00007ffad0319000 	C:\WINDOWS\SYSTEM32\profapi.dll
0x00007ffa37540000 - 0x00007ffa37617000 	C:\Program Files\Java\jdk-24\bin\jsvml.dll
0x00007ffac19c0000 - 0x00007ffac19d0000 	C:\Program Files\Java\jdk-24\bin\net.dll
0x00007ffacf6f0000 - 0x00007ffacf75b000 	C:\WINDOWS\system32\mswsock.dll
0x00007ffaaeaf0000 - 0x00007ffaaeb06000 	C:\Program Files\Java\jdk-24\bin\nio.dll
0x00007ffac1730000 - 0x00007ffac1739000 	C:\Program Files\Java\jdk-24\bin\extnet.dll

dbghelp: loaded successfully - version: 4.0.5 - missing functions: none
symbol engine: initialized successfully - sym options: 0x614 - pdb path: .;C:\Program Files\Java\jdk-24\bin;C:\WINDOWS\SYSTEM32;C:\WINDOWS\WinSxS\amd64_microsoft.windows.common-controls_6595b64144ccf1df_6.0.26100.7309_none_3e05feeae336a044;C:\Program Files\Java\jdk-24\bin\server;C:\Users\samue\AppData\Local\Temp\idea_libasyncProfiler_dll_temp_folder

VM Arguments:
jvm_args: -ea -Didea.test.cyclic.buffer.size=1048576 -javaagent:C:\Program Files\JetBrains\IntelliJ IDEA 2024.3\lib\idea_rt.jar=62116 -javaagent:C:\Users\samue\AppData\Local\JetBrains\IntelliJIdea2024.3\captureAgent\debugger-agent.jar -Dkotlinx.coroutines.debug.enable.creation.stack.trace=false -Ddebugger.agent.enable.coroutines=true -Dkotlinx.coroutines.debug.enable.flows.stack.trace=true -Dkotlinx.coroutines.debug.enable.mutable.state.flows.stack.trace=true -agentpath:C:\Users\samue\AppData\Local\Temp\idea_libasyncProfiler_dll_temp_folder\libasyncProfiler.dll=start,jfr,event=wall,interval=10ms,jfrsync=profile,cstack=no,file=C:\Users\samue\IdeaSnapshots\All_in_observer_pattern_tank_2026_01_08_134600.jfr,dbghelppath=C:\Users\samue\AppData\Local\Temp\idea_dbghelp_dll_temp_folder\dbghelp.dll,log=C:\Users\samue\AppData\Local\Temp\All_in_observer_pattern_tank_2026_01_08_134600.jfr.log.txt,logLevel=DEBUG -Dfile.encoding=UTF-8 -Dsun.stdout.encoding=UTF-8 -Dsun.stderr.encoding=UTF-8 
java_command: com.intellij.rt.junit.JUnitStarter -ideVersion5 -junit5 @w@C:\Users\samue\AppData\Local\Temp\idea_working_dirs_junit.tmp @C:\Users\samue\AppData\Local\Temp\idea_junit.tmp -socket62115
java_class_path (initial): C:\Users\samue\.m2\repository\org\junit\platform\junit-platform-launcher\6.1.0-M1\junit-platform-launcher-6.1.0-M1.jar;C:\Users\samue\.m2\repository\org\junit\vintage\junit-vintage-engine\6.1.0-M1\junit-vintage-engine-6.1.0-M1.jar;C:\Program Files\JetBrains\IntelliJ IDEA 2024.3\lib\idea_rt.jar;C:\Program Files\JetBrains\IntelliJ IDEA 2024.3\plugins\junit\lib\junit5-rt.jar;C:\Program Files\JetBrains\IntelliJ IDEA 2024.3\plugins\junit\lib\junit-rt.jar;C:\Users\samue\Desktop\JAVA_PROJECTS\JAVA\wintersemster\Designpatterns\behavioralPattern\observer-pattern-tank-aufgabe\target\test-classes;C:\Users\samue\Desktop\JAVA_PROJECTS\JAVA\wintersemster\Designpatterns\behavioralPattern\observer-pattern-tank-aufgabe\target\classes;C:\Users\samue\.m2\repository\junit\junit\4.13.2\junit-4.13.2.jar;C:\Users\samue\.m2\repository\org\hamcrest\hamcrest-core\1.3\hamcrest-core-1.3.jar;C:\Users\samue\.m2\repository\org\junit\jupiter\junit-jupiter\6.1.0-M1\junit-jupiter-6.1.0-M1.jar;C:\Users\samue\.m2\repository\org\junit\jupiter\junit-jupiter-api\6.1.0-M1\junit-jupiter-api-6.1.0-M1.jar;C:\Users\samue\.m2\repository\org\opentest4j\opentest4j\1.3.0\opentest4j-1.3.0.jar;C:\Users\samue\.m2\repository\org\junit\platform\junit-platform-commons\6.1.0-M1\junit-platform-commons-6.1.0-M1.jar;C:\Users\samue\.m2\repository\org\apiguardian\apiguardian-api\1.1.2\apiguardian-api-1.1.2.jar;C:\Users\samue\.m2\repository\org\jspecify\jspecify\1.0.0\jspecify-1.0.0.jar;C:\Users\samue\.m2\repository\org\junit\jupiter\junit-jupiter-params\6.1.0-M1\junit-jupiter-params-6.1.0-M1.jar;C:\Users\samue\.m2\repository\org\junit\jupiter\junit-jupiter-engine\6.1.0-M1\junit-jupiter-engine-6.1.0-M1.jar;C:\Users\samue\.m2\repository\org\junit\platform\junit-platform-engine\6.1.0-M1\junit-platform-engine-6.1.0-M1.jar
Launcher Type: SUN_STANDARD

[Global flags]
     intx CICompilerCount                          = 12                                        {product} {ergonomic}
     uint ConcGCThreads                            = 4                                         {product} {ergonomic}
     bool FlightRecorder                           = true                                      {product} {management}
     uint G1ConcRefinementThreads                  = 15                                        {product} {ergonomic}
   size_t G1HeapRegionSize                         = 4194304                                   {product} {ergonomic}
   size_t InitialHeapSize                          = 532676608                                 {product} {ergonomic}
   size_t MarkStackSize                            = 4194304                                   {product} {ergonomic}
   size_t MarkStackSizeMax                         = 536870912                                 {product} {ergonomic}
   size_t MaxHeapSize                              = 8510242816                                {product} {ergonomic}
   size_t MaxNewSize                               = 5104467968                                {product} {ergonomic}
   size_t MinHeapDeltaBytes                        = 4194304                                   {product} {ergonomic}
   size_t MinHeapSize                              = 8388608                                   {product} {ergonomic}
    uintx NonNMethodCodeHeapSize                   = 7602176                                {pd product} {ergonomic}
    uintx NonProfiledCodeHeapSize                  = 122093568                              {pd product} {ergonomic}
    uintx ProfiledCodeHeapSize                     = 121962496                              {pd product} {ergonomic}
    uintx ReservedCodeCacheSize                    = 251658240                              {pd product} {ergonomic}
     bool SegmentedCodeCache                       = true                                      {product} {ergonomic}
   size_t SoftMaxHeapSize                          = 8510242816                             {manageable} {ergonomic}
     bool UseCompressedOops                        = true                           {product lp64_product} {ergonomic}
     bool UseG1GC                                  = true                                      {product} {ergonomic}
     bool UseLargePagesIndividualAllocation        = false                                  {pd product} {ergonomic}

Logging:
Log output configuration:
 #0: stdout all=warning uptime,level,tags foldmultilines=false
 #1: stderr all=off uptime,level,tags foldmultilines=false

Environment Variables:
JAVA_HOME=C:\Program Files\Java\jdk-24
PATH=C:\Program Files\Eclipse Adoptium\jdk-21.0.7.6-hotspot\bin;C:\Program Files\Common Files\Oracle\Java\javapath;C:\windows\system32;C:\windows;C:\windows\System32\Wbem;C:\windows\System32\WindowsPowerShell\v1.0\;C:\windows\System32\OpenSSH\;C:\Program Files (x86)\NVIDIA Corporation\PhysX\Common;C:\Users\Administrator\AppData\Local\Microsoft\WindowsApps;C:\Program Files\HP\OMEN-Broadcast\Common;C:\WINDOWS\system32;C:\WINDOWS;C:\WINDOWS\System32\Wbem;C:\WINDOWS\System32\WindowsPowerShell\v1.0\;C:\WINDOWS\System32\OpenSSH\;C:\Program Files\NVIDIA Corporation\NVIDIA app\NvDLISR;C:\Program Files\HP\HP One Agent;C:\Program Files\dotnet\;C:\Program Files\Git\cmd;C:\WINDOWS\system32;C:\WINDOWS;C:\WINDOWS\System32\Wbem;C:\WINDOWS\System32\WindowsPowerShell\v1.0\;C:\WINDOWS\System32\OpenSSH\;C:\Program Files\DisplayMagician\;C:\Users\samue\Desktop\OPT\apache-maven-3.9.9\bin;C:\Users\samue\AppData\Local\Microsoft\WindowsApps;C:\Users\samue\AppData\Local\Muse Hub\lib;C:\Users\samue\AppData\Local\spicetify;C:\Users\samue\AppData\Local\Muse Hub\lib;C:\Users\samue\AppData\Local\Programs\Microsoft VS Code\bin;C:\Users\samue\.dotnet\tools;;C:\Users\samue\AppData\Local\Microsoft\WindowsApps
USERNAME=samue
OS=Windows_NT
PROCESSOR_IDENTIFIER=Intel64 Family 6 Model 186 Stepping 2, GenuineIntel
TMP=C:\Users\samue\AppData\Local\Temp
TEMP=C:\Users\samue\AppData\Local\Temp




Periodic native trim disabled

---------------  S Y S T E M  ---------------

OS:
 Windows 11 , 64 bit Build 26100 (10.0.26100.7309)
OS uptime: 24 days 20:57 hours
Hyper-V role detected

CPU: total 20 (initial active 20) (10 cores per cpu, 2 threads per core) family 6 model 186 stepping 2 microcode 0x4123, cx8, cmov, fxsr, ht, mmx, 3dnowpref, sse, sse2, sse3, ssse3, sse4.1, sse4.2, popcnt, lzcnt, tsc, tscinvbit, avx, avx2, aes, erms, clmul, bmi1, bmi2, adx, sha, fma, vzeroupper, clflush, clflushopt, clwb, hv, serialize, rdtscp, rdpid, fsrm, gfni, f16c, cet_ibt, cet_ss
Processor Information for the first 20 processors :
  Max Mhz: 2400, Current Mhz: 2400, Mhz Limit: 2400

Memory: 4k page, system-wide physical 32461M (14657M free)
TotalPageFile size 35661M (AvailPageFile size 10202M)
current process WorkingSet (physical memory assigned to process): 115M, peak: 115M
current process commit charge ("private bytes"): 694M, peak: 694M

vm_info: Java HotSpot(TM) 64-Bit Server VM (24+36-3646) for windows-amd64 JRE (24+36-3646), built on 2025-02-06T00:20:43Z with MS VC++ 17.6 (VS2022)

END.
